{"/Users/Zenithy/projects/laplace/laplace-service/lib/server.js": {"path":"/Users/Zenithy/projects/laplace/laplace-service/lib/server.js","statementMap":{"0":{"start":{"line":2,"column":22},"end":{"line":4,"column":1}},"1":{"start":{"line":3,"column":4},"end":{"line":3,"column":62}},"2":{"start":{"line":5,"column":0},"end":{"line":5,"column":62}},"3":{"start":{"line":6,"column":18},"end":{"line":6,"column":53}},"4":{"start":{"line":7,"column":15},"end":{"line":7,"column":39}},"5":{"start":{"line":8,"column":0},"end":{"line":8,"column":37}},"6":{"start":{"line":9,"column":0},"end":{"line":9,"column":61}},"7":{"start":{"line":10,"column":0},"end":{"line":10,"column":25}}},"fnMap":{"0":{"name":"(anonymous_0)","decl":{"start":{"line":2,"column":56},"end":{"line":2,"column":57}},"loc":{"start":{"line":2,"column":71},"end":{"line":4,"column":1}},"line":2}},"branchMap":{"0":{"loc":{"start":{"line":2,"column":22},"end":{"line":4,"column":1}},"type":"binary-expr","locations":[{"start":{"line":2,"column":23},"end":{"line":2,"column":27}},{"start":{"line":2,"column":31},"end":{"line":2,"column":51}},{"start":{"line":2,"column":56},"end":{"line":4,"column":1}}],"line":2},"1":{"loc":{"start":{"line":3,"column":11},"end":{"line":3,"column":61}},"type":"cond-expr","locations":[{"start":{"line":3,"column":37},"end":{"line":3,"column":40}},{"start":{"line":3,"column":43},"end":{"line":3,"column":61}}],"line":3},"2":{"loc":{"start":{"line":3,"column":12},"end":{"line":3,"column":33}},"type":"binary-expr","locations":[{"start":{"line":3,"column":12},"end":{"line":3,"column":15}},{"start":{"line":3,"column":19},"end":{"line":3,"column":33}}],"line":3}},"s":{"0":1,"1":1,"2":1,"3":1,"4":1,"5":1,"6":1,"7":1},"f":{"0":1},"b":{"0":[1,1,1],"1":[0,1],"2":[1,1]},"inputSourceMap":null,"_coverageSchema":"1a1c01bbd47fc00a2c39e90264f33305004495a9","hash":"51e5bc40687ac14f295d642a5abe4e27468b410d"}
,"/Users/Zenithy/projects/laplace/laplace-service/lib/presentation/routers/user/user.router.js": {"path":"/Users/Zenithy/projects/laplace/laplace-service/lib/presentation/routers/user/user.router.js","statementMap":{"0":{"start":{"line":2,"column":16},"end":{"line":10,"column":1}},"1":{"start":{"line":3,"column":28},"end":{"line":3,"column":110}},"2":{"start":{"line":3,"column":91},"end":{"line":3,"column":106}},"3":{"start":{"line":4,"column":4},"end":{"line":9,"column":7}},"4":{"start":{"line":5,"column":36},"end":{"line":5,"column":97}},"5":{"start":{"line":5,"column":42},"end":{"line":5,"column":70}},"6":{"start":{"line":5,"column":85},"end":{"line":5,"column":95}},"7":{"start":{"line":6,"column":35},"end":{"line":6,"column":100}},"8":{"start":{"line":6,"column":41},"end":{"line":6,"column":73}},"9":{"start":{"line":6,"column":88},"end":{"line":6,"column":98}},"10":{"start":{"line":7,"column":32},"end":{"line":7,"column":116}},"11":{"start":{"line":8,"column":8},"end":{"line":8,"column":78}},"12":{"start":{"line":11,"column":22},"end":{"line":13,"column":1}},"13":{"start":{"line":12,"column":4},"end":{"line":12,"column":62}},"14":{"start":{"line":14,"column":0},"end":{"line":14,"column":62}},"15":{"start":{"line":15,"column":0},"end":{"line":15,"column":30}},"16":{"start":{"line":16,"column":18},"end":{"line":16,"column":53}},"17":{"start":{"line":17,"column":40},"end":{"line":17,"column":112}},"18":{"start":{"line":18,"column":17},"end":{"line":18,"column":67}},"19":{"start":{"line":19,"column":17},"end":{"line":19,"column":65}},"20":{"start":{"line":21,"column":19},"end":{"line":21,"column":45}},"21":{"start":{"line":23,"column":4},"end":{"line":31,"column":8}},"22":{"start":{"line":23,"column":98},"end":{"line":31,"column":6}},"23":{"start":{"line":24,"column":8},"end":{"line":30,"column":9}},"24":{"start":{"line":25,"column":26},"end":{"line":25,"column":60}},"25":{"start":{"line":26,"column":12},"end":{"line":26,"column":28}},"26":{"start":{"line":29,"column":12},"end":{"line":29,"column":69}},"27":{"start":{"line":32,"column":4},"end":{"line":41,"column":8}},"28":{"start":{"line":32,"column":99},"end":{"line":41,"column":6}},"29":{"start":{"line":33,"column":8},"end":{"line":40,"column":9}},"30":{"start":{"line":34,"column":12},"end":{"line":34,"column":54}},"31":{"start":{"line":35,"column":12},"end":{"line":35,"column":33}},"32":{"start":{"line":36,"column":12},"end":{"line":36,"column":45}},"33":{"start":{"line":39,"column":12},"end":{"line":39,"column":67}},"34":{"start":{"line":42,"column":4},"end":{"line":42,"column":18}}},"fnMap":{"0":{"name":"(anonymous_0)","decl":{"start":{"line":2,"column":44},"end":{"line":2,"column":45}},"loc":{"start":{"line":2,"column":89},"end":{"line":10,"column":1}},"line":2},"1":{"name":"adopt","decl":{"start":{"line":3,"column":13},"end":{"line":3,"column":18}},"loc":{"start":{"line":3,"column":26},"end":{"line":3,"column":112}},"line":3},"2":{"name":"(anonymous_2)","decl":{"start":{"line":3,"column":70},"end":{"line":3,"column":71}},"loc":{"start":{"line":3,"column":89},"end":{"line":3,"column":108}},"line":3},"3":{"name":"(anonymous_3)","decl":{"start":{"line":4,"column":36},"end":{"line":4,"column":37}},"loc":{"start":{"line":4,"column":63},"end":{"line":9,"column":5}},"line":4},"4":{"name":"fulfilled","decl":{"start":{"line":5,"column":17},"end":{"line":5,"column":26}},"loc":{"start":{"line":5,"column":34},"end":{"line":5,"column":99}},"line":5},"5":{"name":"rejected","decl":{"start":{"line":6,"column":17},"end":{"line":6,"column":25}},"loc":{"start":{"line":6,"column":33},"end":{"line":6,"column":102}},"line":6},"6":{"name":"step","decl":{"start":{"line":7,"column":17},"end":{"line":7,"column":21}},"loc":{"start":{"line":7,"column":30},"end":{"line":7,"column":118}},"line":7},"7":{"name":"(anonymous_7)","decl":{"start":{"line":11,"column":56},"end":{"line":11,"column":57}},"loc":{"start":{"line":11,"column":71},"end":{"line":13,"column":1}},"line":11},"8":{"name":"UsersRouter","decl":{"start":{"line":20,"column":9},"end":{"line":20,"column":20}},"loc":{"start":{"line":20,"column":60},"end":{"line":43,"column":1}},"line":20},"9":{"name":"(anonymous_9)","decl":{"start":{"line":23,"column":84},"end":{"line":23,"column":85}},"loc":{"start":{"line":23,"column":98},"end":{"line":31,"column":6}},"line":23},"10":{"name":"(anonymous_10)","decl":{"start":{"line":23,"column":130},"end":{"line":23,"column":131}},"loc":{"start":{"line":23,"column":143},"end":{"line":31,"column":5}},"line":23},"11":{"name":"(anonymous_11)","decl":{"start":{"line":32,"column":85},"end":{"line":32,"column":86}},"loc":{"start":{"line":32,"column":99},"end":{"line":41,"column":6}},"line":32},"12":{"name":"(anonymous_12)","decl":{"start":{"line":32,"column":131},"end":{"line":32,"column":132}},"loc":{"start":{"line":32,"column":144},"end":{"line":41,"column":5}},"line":32}},"branchMap":{"0":{"loc":{"start":{"line":2,"column":16},"end":{"line":10,"column":1}},"type":"binary-expr","locations":[{"start":{"line":2,"column":17},"end":{"line":2,"column":21}},{"start":{"line":2,"column":25},"end":{"line":2,"column":39}},{"start":{"line":2,"column":44},"end":{"line":10,"column":1}}],"line":2},"1":{"loc":{"start":{"line":3,"column":35},"end":{"line":3,"column":109}},"type":"cond-expr","locations":[{"start":{"line":3,"column":56},"end":{"line":3,"column":61}},{"start":{"line":3,"column":64},"end":{"line":3,"column":109}}],"line":3},"2":{"loc":{"start":{"line":4,"column":16},"end":{"line":4,"column":34}},"type":"binary-expr","locations":[{"start":{"line":4,"column":16},"end":{"line":4,"column":17}},{"start":{"line":4,"column":22},"end":{"line":4,"column":33}}],"line":4},"3":{"loc":{"start":{"line":7,"column":32},"end":{"line":7,"column":115}},"type":"cond-expr","locations":[{"start":{"line":7,"column":46},"end":{"line":7,"column":67}},{"start":{"line":7,"column":70},"end":{"line":7,"column":115}}],"line":7},"4":{"loc":{"start":{"line":8,"column":51},"end":{"line":8,"column":67}},"type":"binary-expr","locations":[{"start":{"line":8,"column":51},"end":{"line":8,"column":61}},{"start":{"line":8,"column":65},"end":{"line":8,"column":67}}],"line":8},"5":{"loc":{"start":{"line":11,"column":22},"end":{"line":13,"column":1}},"type":"binary-expr","locations":[{"start":{"line":11,"column":23},"end":{"line":11,"column":27}},{"start":{"line":11,"column":31},"end":{"line":11,"column":51}},{"start":{"line":11,"column":56},"end":{"line":13,"column":1}}],"line":11},"6":{"loc":{"start":{"line":12,"column":11},"end":{"line":12,"column":61}},"type":"cond-expr","locations":[{"start":{"line":12,"column":37},"end":{"line":12,"column":40}},{"start":{"line":12,"column":43},"end":{"line":12,"column":61}}],"line":12},"7":{"loc":{"start":{"line":12,"column":12},"end":{"line":12,"column":33}},"type":"binary-expr","locations":[{"start":{"line":12,"column":12},"end":{"line":12,"column":15}},{"start":{"line":12,"column":19},"end":{"line":12,"column":33}}],"line":12}},"s":{"0":1,"1":2,"2":0,"3":2,"4":1,"5":1,"6":0,"7":1,"8":1,"9":0,"10":4,"11":2,"12":1,"13":4,"14":1,"15":1,"16":1,"17":1,"18":1,"19":1,"20":1,"21":1,"22":2,"23":2,"24":2,"25":1,"26":1,"27":1,"28":0,"29":0,"30":0,"31":0,"32":0,"33":0,"34":1},"f":{"0":2,"1":2,"2":0,"3":2,"4":1,"5":1,"6":4,"7":4,"8":1,"9":2,"10":2,"11":0,"12":0},"b":{"0":[1,1,1],"1":[2,0],"2":[2,2],"3":[2,2],"4":[2,2],"5":[1,1,1],"6":[3,1],"7":[4,4]},"inputSourceMap":null,"_coverageSchema":"1a1c01bbd47fc00a2c39e90264f33305004495a9","hash":"68f337db5a6365ffa9528af6f943ec4c06405817"}
,"/Users/Zenithy/projects/laplace/laplace-service/lib/presentation/routers/user/create-user/schema.js": {"path":"/Users/Zenithy/projects/laplace/laplace-service/lib/presentation/routers/user/create-user/schema.js","statementMap":{"0":{"start":{"line":2,"column":0},"end":{"line":2,"column":62}},"1":{"start":{"line":3,"column":0},"end":{"line":33,"column":2}}},"fnMap":{},"branchMap":{},"s":{"0":1,"1":1},"f":{},"b":{},"inputSourceMap":null,"_coverageSchema":"1a1c01bbd47fc00a2c39e90264f33305004495a9","hash":"cce055c20bab84c63fb2d34d79b3f9ff9e67f954"}
,"/Users/Zenithy/projects/laplace/laplace-service/lib/presentation/routers/user/get-all-users/schema.js": {"path":"/Users/Zenithy/projects/laplace/laplace-service/lib/presentation/routers/user/get-all-users/schema.js","statementMap":{"0":{"start":{"line":2,"column":0},"end":{"line":2,"column":62}},"1":{"start":{"line":3,"column":0},"end":{"line":3,"column":21}}},"fnMap":{},"branchMap":{},"s":{"0":1,"1":1},"f":{},"b":{},"inputSourceMap":null,"_coverageSchema":"1a1c01bbd47fc00a2c39e90264f33305004495a9","hash":"15861ae1418f61194094cabf1297978678ed68f2"}
,"/Users/Zenithy/projects/laplace/laplace-service/lib/utils/validate-and-transform-schema.js": {"path":"/Users/Zenithy/projects/laplace/laplace-service/lib/utils/validate-and-transform-schema.js","statementMap":{"0":{"start":{"line":2,"column":22},"end":{"line":4,"column":1}},"1":{"start":{"line":3,"column":4},"end":{"line":3,"column":62}},"2":{"start":{"line":5,"column":0},"end":{"line":5,"column":62}},"3":{"start":{"line":6,"column":14},"end":{"line":6,"column":45}},"4":{"start":{"line":7,"column":22},"end":{"line":7,"column":61}},"5":{"start":{"line":9,"column":12},"end":{"line":9,"column":50}},"6":{"start":{"line":10,"column":0},"end":{"line":10,"column":32}},"7":{"start":{"line":12,"column":24},"end":{"line":16,"column":1}},"8":{"start":{"line":13,"column":21},"end":{"line":13,"column":33}},"9":{"start":{"line":14,"column":28},"end":{"line":14,"column":47}},"10":{"start":{"line":15,"column":28},"end":{"line":15,"column":47}},"11":{"start":{"line":18,"column":29},"end":{"line":39,"column":1}},"12":{"start":{"line":19,"column":4},"end":{"line":37,"column":5}},"13":{"start":{"line":20,"column":8},"end":{"line":36,"column":9}},"14":{"start":{"line":21,"column":12},"end":{"line":35,"column":13}},"15":{"start":{"line":22,"column":16},"end":{"line":34,"column":17}},"16":{"start":{"line":23,"column":20},"end":{"line":23,"column":59}},"17":{"start":{"line":25,"column":21},"end":{"line":34,"column":17}},"18":{"start":{"line":26,"column":20},"end":{"line":26,"column":148}},"19":{"start":{"line":26,"column":56},"end":{"line":26,"column":146}},"20":{"start":{"line":28,"column":21},"end":{"line":34,"column":17}},"21":{"start":{"line":29,"column":20},"end":{"line":33,"column":23}},"22":{"start":{"line":30,"column":24},"end":{"line":32,"column":25}},"23":{"start":{"line":31,"column":28},"end":{"line":31,"column":82}},"24":{"start":{"line":38,"column":4},"end":{"line":38,"column":16}},"25":{"start":{"line":41,"column":0},"end":{"line":68,"column":2}},"26":{"start":{"line":42,"column":4},"end":{"line":67,"column":6}},"27":{"start":{"line":44,"column":33},"end":{"line":44,"column":56}},"28":{"start":{"line":45,"column":8},"end":{"line":64,"column":9}},"29":{"start":{"line":46,"column":26},"end":{"line":46,"column":52}},"30":{"start":{"line":47,"column":12},"end":{"line":63,"column":13}},"31":{"start":{"line":49,"column":37},"end":{"line":49,"column":79}},"32":{"start":{"line":51,"column":33},"end":{"line":51,"column":51}},"33":{"start":{"line":52,"column":16},"end":{"line":60,"column":17}},"34":{"start":{"line":53,"column":20},"end":{"line":58,"column":23}},"35":{"start":{"line":54,"column":111},"end":{"line":57,"column":25}},"36":{"start":{"line":59,"column":20},"end":{"line":59,"column":27}},"37":{"start":{"line":62,"column":16},"end":{"line":62,"column":47}},"38":{"start":{"line":66,"column":8},"end":{"line":66,"column":15}}},"fnMap":{"0":{"name":"(anonymous_0)","decl":{"start":{"line":2,"column":56},"end":{"line":2,"column":57}},"loc":{"start":{"line":2,"column":71},"end":{"line":4,"column":1}},"line":2},"1":{"name":"(anonymous_1)","decl":{"start":{"line":13,"column":10},"end":{"line":13,"column":11}},"loc":{"start":{"line":13,"column":21},"end":{"line":13,"column":33}},"line":13},"2":{"name":"(anonymous_2)","decl":{"start":{"line":14,"column":17},"end":{"line":14,"column":18}},"loc":{"start":{"line":14,"column":28},"end":{"line":14,"column":47}},"line":14},"3":{"name":"(anonymous_3)","decl":{"start":{"line":15,"column":17},"end":{"line":15,"column":18}},"loc":{"start":{"line":15,"column":28},"end":{"line":15,"column":47}},"line":15},"4":{"name":"(anonymous_4)","decl":{"start":{"line":18,"column":29},"end":{"line":18,"column":30}},"loc":{"start":{"line":18,"column":47},"end":{"line":39,"column":1}},"line":18},"5":{"name":"(anonymous_5)","decl":{"start":{"line":26,"column":46},"end":{"line":26,"column":47}},"loc":{"start":{"line":26,"column":56},"end":{"line":26,"column":146}},"line":26},"6":{"name":"(anonymous_6)","decl":{"start":{"line":29,"column":44},"end":{"line":29,"column":45}},"loc":{"start":{"line":29,"column":63},"end":{"line":33,"column":21}},"line":29},"7":{"name":"(anonymous_7)","decl":{"start":{"line":41,"column":18},"end":{"line":41,"column":19}},"loc":{"start":{"line":41,"column":30},"end":{"line":68,"column":1}},"line":41},"8":{"name":"(anonymous_8)","decl":{"start":{"line":42,"column":11},"end":{"line":42,"column":12}},"loc":{"start":{"line":42,"column":31},"end":{"line":67,"column":5}},"line":42},"9":{"name":"(anonymous_9)","decl":{"start":{"line":54,"column":99},"end":{"line":54,"column":100}},"loc":{"start":{"line":54,"column":111},"end":{"line":57,"column":25}},"line":54}},"branchMap":{"0":{"loc":{"start":{"line":2,"column":22},"end":{"line":4,"column":1}},"type":"binary-expr","locations":[{"start":{"line":2,"column":23},"end":{"line":2,"column":27}},{"start":{"line":2,"column":31},"end":{"line":2,"column":51}},{"start":{"line":2,"column":56},"end":{"line":4,"column":1}}],"line":2},"1":{"loc":{"start":{"line":3,"column":11},"end":{"line":3,"column":61}},"type":"cond-expr","locations":[{"start":{"line":3,"column":37},"end":{"line":3,"column":40}},{"start":{"line":3,"column":43},"end":{"line":3,"column":61}}],"line":3},"2":{"loc":{"start":{"line":3,"column":12},"end":{"line":3,"column":33}},"type":"binary-expr","locations":[{"start":{"line":3,"column":12},"end":{"line":3,"column":15}},{"start":{"line":3,"column":19},"end":{"line":3,"column":33}}],"line":3},"3":{"loc":{"start":{"line":19,"column":4},"end":{"line":37,"column":5}},"type":"if","locations":[{"start":{"line":19,"column":4},"end":{"line":37,"column":5}},{"start":{},"end":{}}],"line":19},"4":{"loc":{"start":{"line":21,"column":12},"end":{"line":35,"column":13}},"type":"if","locations":[{"start":{"line":21,"column":12},"end":{"line":35,"column":13}},{"start":{},"end":{}}],"line":21},"5":{"loc":{"start":{"line":22,"column":16},"end":{"line":34,"column":17}},"type":"if","locations":[{"start":{"line":22,"column":16},"end":{"line":34,"column":17}},{"start":{"line":25,"column":21},"end":{"line":34,"column":17}}],"line":22},"6":{"loc":{"start":{"line":25,"column":21},"end":{"line":34,"column":17}},"type":"if","locations":[{"start":{"line":25,"column":21},"end":{"line":34,"column":17}},{"start":{"line":28,"column":21},"end":{"line":34,"column":17}}],"line":25},"7":{"loc":{"start":{"line":25,"column":25},"end":{"line":25,"column":97}},"type":"binary-expr","locations":[{"start":{"line":25,"column":25},"end":{"line":25,"column":47}},{"start":{"line":25,"column":51},"end":{"line":25,"column":62}},{"start":{"line":25,"column":66},"end":{"line":25,"column":97}}],"line":25},"8":{"loc":{"start":{"line":28,"column":21},"end":{"line":34,"column":17}},"type":"if","locations":[{"start":{"line":28,"column":21},"end":{"line":34,"column":17}},{"start":{},"end":{}}],"line":28},"9":{"loc":{"start":{"line":28,"column":25},"end":{"line":28,"column":74}},"type":"binary-expr","locations":[{"start":{"line":28,"column":25},"end":{"line":28,"column":40}},{"start":{"line":28,"column":44},"end":{"line":28,"column":74}}],"line":28},"10":{"loc":{"start":{"line":30,"column":24},"end":{"line":32,"column":25}},"type":"if","locations":[{"start":{"line":30,"column":24},"end":{"line":32,"column":25}},{"start":{},"end":{}}],"line":30},"11":{"loc":{"start":{"line":44,"column":33},"end":{"line":44,"column":56}},"type":"binary-expr","locations":[{"start":{"line":44,"column":33},"end":{"line":44,"column":50}},{"start":{"line":44,"column":54},"end":{"line":44,"column":56}}],"line":44},"12":{"loc":{"start":{"line":47,"column":12},"end":{"line":63,"column":13}},"type":"if","locations":[{"start":{"line":47,"column":12},"end":{"line":63,"column":13}},{"start":{},"end":{}}],"line":47},"13":{"loc":{"start":{"line":52,"column":16},"end":{"line":60,"column":17}},"type":"if","locations":[{"start":{"line":52,"column":16},"end":{"line":60,"column":17}},{"start":{},"end":{}}],"line":52},"14":{"loc":{"start":{"line":54,"column":32},"end":{"line":57,"column":27}},"type":"cond-expr","locations":[{"start":{"line":54,"column":83},"end":{"line":54,"column":89}},{"start":{"line":54,"column":92},"end":{"line":57,"column":27}}],"line":54},"15":{"loc":{"start":{"line":54,"column":32},"end":{"line":54,"column":80}},"type":"binary-expr","locations":[{"start":{"line":54,"column":32},"end":{"line":54,"column":63}},{"start":{"line":54,"column":67},"end":{"line":54,"column":80}}],"line":54}},"s":{"0":1,"1":2,"2":1,"3":1,"4":1,"5":1,"6":1,"7":1,"8":10,"9":10,"10":0,"11":1,"12":2,"13":2,"14":10,"15":10,"16":0,"17":10,"18":0,"19":0,"20":10,"21":10,"22":20,"23":20,"24":2,"25":1,"26":2,"27":4,"28":4,"29":2,"30":2,"31":2,"32":2,"33":0,"34":0,"35":0,"36":0,"37":0,"38":2},"f":{"0":2,"1":10,"2":10,"3":0,"4":2,"5":0,"6":20,"7":2,"8":4,"9":0},"b":{"0":[1,1,1],"1":[2,0],"2":[2,2],"3":[2,0],"4":[10,0],"5":[0,10],"6":[0,10],"7":[10,0,0],"8":[10,0],"9":[10,10],"10":[20,0],"11":[4,2],"12":[2,0],"13":[0,0],"14":[0,0],"15":[0,0]},"inputSourceMap":null,"_coverageSchema":"1a1c01bbd47fc00a2c39e90264f33305004495a9","hash":"a3bd54a4031a9d942b91e5b242039d449ed02cff"}
,"/Users/Zenithy/projects/laplace/laplace-service/src/server.ts": {"path":"/Users/Zenithy/projects/laplace/laplace-service/src/server.ts","statementMap":{"0":{"start":{"line":1,"column":0},"end":{"line":1,"column":30}},"1":{"start":{"line":3,"column":15},"end":{"line":3,"column":24}},"2":{"start":{"line":5,"column":0},"end":{"line":5,"column":27}},"3":{"start":{"line":6,"column":0},"end":{"line":6,"column":51}},"4":{"start":{"line":8,"column":0},"end":{"line":8,"column":22}}},"fnMap":{},"branchMap":{},"s":{"0":1,"1":1,"2":1,"3":1,"4":1},"f":{},"b":{}}
,"/Users/Zenithy/projects/laplace/laplace-service/src/data/datasources/mongodb/mongodb-user.datasource.ts": {"path":"/Users/Zenithy/projects/laplace/laplace-service/src/data/datasources/mongodb/mongodb-user.datasource.ts","statementMap":{"0":{"start":{"line":10,"column":8},"end":{"line":10,"column":null}},"1":{"start":{"line":14,"column":23},"end":{"line":14,"column":81}},"2":{"start":{"line":16,"column":8},"end":{"line":16,"column":31}},"3":{"start":{"line":20,"column":23},"end":{"line":20,"column":62}},"4":{"start":{"line":22,"column":8},"end":{"line":22,"column":49}},"5":{"start":{"line":26,"column":8},"end":{"line":26,"column":51}},"6":{"start":{"line":30,"column":8},"end":{"line":30,"column":51}},"7":{"start":{"line":34,"column":139},"end":{"line":34,"column":143}},"8":{"start":{"line":36,"column":8},"end":{"line":47,"column":null}},"9":{"start":{"line":51,"column":87},"end":{"line":51,"column":91}},"10":{"start":{"line":53,"column":8},"end":{"line":62,"column":null}},"11":{"start":{"line":6,"column":0},"end":{"line":6,"column":21}}},"fnMap":{"0":{"name":"(anonymous_7)","decl":{"start":{"line":9,"column":4},"end":{"line":9,"column":16}},"loc":{"start":{"line":9,"column":50},"end":{"line":11,"column":5}}},"1":{"name":"(anonymous_8)","decl":{"start":{"line":13,"column":10},"end":{"line":13,"column":16}},"loc":{"start":{"line":13,"column":33},"end":{"line":17,"column":null}}},"2":{"name":"(anonymous_10)","decl":{"start":{"line":19,"column":10},"end":{"line":19,"column":16}},"loc":{"start":{"line":19,"column":16},"end":{"line":23,"column":null}}},"3":{"name":"(anonymous_12)","decl":{"start":{"line":25,"column":4},"end":{"line":25,"column":10}},"loc":{"start":{"line":25,"column":35},"end":{"line":27,"column":5}}},"4":{"name":"(anonymous_13)","decl":{"start":{"line":29,"column":4},"end":{"line":29,"column":10}},"loc":{"start":{"line":29,"column":21},"end":{"line":31,"column":5}}},"5":{"name":"(anonymous_14)","decl":{"start":{"line":33,"column":4},"end":{"line":33,"column":20}},"loc":{"start":{"line":33,"column":36},"end":{"line":48,"column":5}}},"6":{"name":"(anonymous_15)","decl":{"start":{"line":50,"column":4},"end":{"line":50,"column":20}},"loc":{"start":{"line":50,"column":37},"end":{"line":63,"column":5}}}},"branchMap":{"0":{"loc":{"start":{"line":37,"column":16},"end":{"line":37,"column":31}},"type":"cond-expr","locations":[{"start":{"line":37,"column":19},"end":{"line":37,"column":21}},{"start":{"line":37,"column":16},"end":{"line":37,"column":31}}]},"1":{"loc":{"start":{"line":37,"column":16},"end":{"line":37,"column":21}},"type":"binary-expr","locations":[{"start":{"line":37,"column":16},"end":{"line":37,"column":21}},{"start":{"line":37,"column":16},"end":{"line":37,"column":21}}]},"2":{"loc":{"start":{"line":45,"column":32},"end":{"line":45,"column":55}},"type":"cond-expr","locations":[{"start":{"line":45,"column":32},"end":{"line":45,"column":41}},{"start":{"line":45,"column":45},"end":{"line":45,"column":55}}]},"3":{"loc":{"start":{"line":45,"column":32},"end":{"line":45,"column":45}},"type":"binary-expr","locations":[{"start":{"line":45,"column":32},"end":{"line":45,"column":45}},{"start":{"line":45,"column":32},"end":{"line":45,"column":45}}]},"4":{"loc":{"start":{"line":46,"column":37},"end":{"line":46,"column":63}},"type":"cond-expr","locations":[{"start":{"line":46,"column":37},"end":{"line":46,"column":49}},{"start":{"line":46,"column":53},"end":{"line":46,"column":63}}]},"5":{"loc":{"start":{"line":46,"column":37},"end":{"line":46,"column":53}},"type":"binary-expr","locations":[{"start":{"line":46,"column":37},"end":{"line":46,"column":53}},{"start":{"line":46,"column":37},"end":{"line":46,"column":53}}]}},"s":{"0":2,"1":1,"2":1,"3":1,"4":1,"5":0,"6":0,"7":1,"8":1,"9":1,"10":1,"11":1},"f":{"0":2,"1":1,"2":1,"3":0,"4":0,"5":1,"6":1},"b":{"0":[1,0],"1":[1,1],"2":[0,1],"3":[1,1],"4":[0,1],"5":[1,1]}}
,"/Users/Zenithy/projects/laplace/laplace-service/src/domain/repositories/user.repository.ts": {"path":"/Users/Zenithy/projects/laplace/laplace-service/src/domain/repositories/user.repository.ts","statementMap":{"0":{"start":{"line":9,"column":8},"end":{"line":9,"column":null}},"1":{"start":{"line":13,"column":8},"end":{"line":13,"column":51}},"2":{"start":{"line":17,"column":8},"end":{"line":17,"column":51}},"3":{"start":{"line":21,"column":8},"end":{"line":21,"column":51}},"4":{"start":{"line":25,"column":23},"end":{"line":25,"column":61}},"5":{"start":{"line":27,"column":8},"end":{"line":27,"column":22}},"6":{"start":{"line":30,"column":23},"end":{"line":30,"column":57}},"7":{"start":{"line":32,"column":8},"end":{"line":32,"column":22}},"8":{"start":{"line":6,"column":0},"end":{"line":6,"column":21}}},"fnMap":{"0":{"name":"(anonymous_7)","decl":{"start":{"line":8,"column":4},"end":{"line":8,"column":16}},"loc":{"start":{"line":8,"column":55},"end":{"line":10,"column":5}}},"1":{"name":"(anonymous_8)","decl":{"start":{"line":12,"column":4},"end":{"line":12,"column":14}},"loc":{"start":{"line":12,"column":52},"end":{"line":14,"column":5}}},"2":{"name":"(anonymous_9)","decl":{"start":{"line":16,"column":4},"end":{"line":16,"column":14}},"loc":{"start":{"line":16,"column":25},"end":{"line":18,"column":5}}},"3":{"name":"(anonymous_10)","decl":{"start":{"line":20,"column":4},"end":{"line":20,"column":11}},"loc":{"start":{"line":20,"column":22},"end":{"line":22,"column":5}}},"4":{"name":"(anonymous_11)","decl":{"start":{"line":24,"column":10},"end":{"line":24,"column":20}},"loc":{"start":{"line":24,"column":37},"end":{"line":28,"column":null}}},"5":{"name":"(anonymous_13)","decl":{"start":{"line":29,"column":10},"end":{"line":29,"column":18}},"loc":{"start":{"line":29,"column":18},"end":{"line":33,"column":null}}}},"branchMap":{},"s":{"0":2,"1":0,"2":0,"3":0,"4":1,"5":1,"6":1,"7":1,"8":1},"f":{"0":2,"1":0,"2":0,"3":0,"4":1,"5":1},"b":{}}
,"/Users/Zenithy/projects/laplace/laplace-service/src/domain/usecases/user/create-user.usecase.ts": {"path":"/Users/Zenithy/projects/laplace/laplace-service/src/domain/usecases/user/create-user.usecase.ts","statementMap":{"0":{"start":{"line":8,"column":8},"end":{"line":8,"column":null}},"1":{"start":{"line":12,"column":23},"end":{"line":12,"column":65}},"2":{"start":{"line":14,"column":8},"end":{"line":14,"column":22}},"3":{"start":{"line":5,"column":0},"end":{"line":5,"column":21}}},"fnMap":{"0":{"name":"(anonymous_7)","decl":{"start":{"line":7,"column":4},"end":{"line":7,"column":16}},"loc":{"start":{"line":7,"column":55},"end":{"line":9,"column":5}}},"1":{"name":"(anonymous_8)","decl":{"start":{"line":11,"column":10},"end":{"line":11,"column":17}},"loc":{"start":{"line":11,"column":34},"end":{"line":15,"column":null}}}},"branchMap":{},"s":{"0":1,"1":1,"2":1,"3":1},"f":{"0":1,"1":1},"b":{}}
,"/Users/Zenithy/projects/laplace/laplace-service/src/domain/usecases/user/get-all-users.usecase.ts": {"path":"/Users/Zenithy/projects/laplace/laplace-service/src/domain/usecases/user/get-all-users.usecase.ts","statementMap":{"0":{"start":{"line":8,"column":8},"end":{"line":8,"column":null}},"1":{"start":{"line":12,"column":23},"end":{"line":12,"column":70}},"2":{"start":{"line":14,"column":8},"end":{"line":14,"column":22}},"3":{"start":{"line":5,"column":0},"end":{"line":5,"column":21}}},"fnMap":{"0":{"name":"(anonymous_7)","decl":{"start":{"line":7,"column":4},"end":{"line":7,"column":16}},"loc":{"start":{"line":7,"column":55},"end":{"line":9,"column":5}}},"1":{"name":"(anonymous_8)","decl":{"start":{"line":11,"column":10},"end":{"line":11,"column":17}},"loc":{"start":{"line":11,"column":45},"end":{"line":15,"column":null}}}},"branchMap":{},"s":{"0":1,"1":1,"2":1,"3":1},"f":{"0":1,"1":1},"b":{}}
,"/Users/Zenithy/projects/laplace/laplace-service/src/presentation/routers/user/user.router.ts": {"path":"/Users/Zenithy/projects/laplace/laplace-service/src/presentation/routers/user/user.router.ts","statementMap":{"0":{"start":{"line":12,"column":0},"end":{"line":12,"column":24}},"1":{"start":{"line":1,"column":0},"end":{"line":1,"column":53}},"2":{"start":{"line":4,"column":0},"end":{"line":4,"column":59}},"3":{"start":{"line":5,"column":0},"end":{"line":5,"column":57}},"4":{"start":{"line":9,"column":0},"end":{"line":9,"column":54}},"5":{"start":{"line":16,"column":19},"end":{"line":16,"column":35}},"6":{"start":{"line":18,"column":4},"end":{"line":18,"column":74}},"7":{"start":{"line":19,"column":4},"end":{"line":19,"column":73}},"8":{"start":{"line":43,"column":4},"end":{"line":43,"column":18}}},"fnMap":{"0":{"name":"UsersRouter","decl":{"start":{"line":12,"column":24},"end":{"line":12,"column":35}},"loc":{"start":{"line":14,"column":40},"end":{"line":44,"column":1}}}},"branchMap":{},"s":{"0":1,"1":1,"2":1,"3":1,"4":1,"5":1,"6":1,"7":1,"8":1},"f":{"0":1},"b":{}}
,"/Users/Zenithy/projects/laplace/laplace-service/src/presentation/routers/user/create-user/handler.ts": {"path":"/Users/Zenithy/projects/laplace/laplace-service/src/presentation/routers/user/create-user/handler.ts","statementMap":{"0":{"start":{"line":4,"column":0},"end":{"line":4,"column":89}},"1":{"start":{"line":5,"column":0},"end":{"line":5,"column":30}},"2":{"start":{"line":6,"column":0},"end":{"line":6,"column":66}},"3":{"start":{"line":8,"column":26},"end":{"line":29,"column":null}},"4":{"start":{"line":13,"column":19},"end":{"line":29,"column":null}},"5":{"start":{"line":14,"column":4},"end":{"line":28,"column":6}},"6":{"start":{"line":17,"column":46},"end":{"line":27,"column":null}},"7":{"start":{"line":18,"column":12},"end":{"line":26,"column":13}},"8":{"start":{"line":19,"column":16},"end":{"line":19,"column":58}},"9":{"start":{"line":21,"column":16},"end":{"line":21,"column":37}},"10":{"start":{"line":23,"column":16},"end":{"line":23,"column":49}},"11":{"start":{"line":25,"column":16},"end":{"line":25,"column":71}},"12":{"start":{"line":31,"column":0},"end":{"line":31,"column":33}}},"fnMap":{"0":{"name":"(anonymous_8)","decl":{"start":{"line":8,"column":26},"end":{"line":8,"column":null}},"loc":{"start":{"line":13,"column":19},"end":{"line":29,"column":null}}},"1":{"name":"(anonymous_9)","decl":{"start":{"line":13,"column":19},"end":{"line":13,"column":null}},"loc":{"start":{"line":13,"column":19},"end":{"line":29,"column":1}}},"2":{"name":"(anonymous_10)","decl":{"start":{"line":17,"column":8},"end":{"line":17,"column":15}},"loc":{"start":{"line":17,"column":46},"end":{"line":27,"column":null}}},"3":{"name":"(anonymous_11)","decl":{"start":{"line":17,"column":46},"end":{"line":17,"column":null}},"loc":{"start":{"line":17,"column":46},"end":{"line":27,"column":9}}}},"branchMap":{},"s":{"0":1,"1":1,"2":1,"3":1,"4":1,"5":1,"6":2,"7":2,"8":2,"9":1,"10":1,"11":1,"12":1},"f":{"0":1,"1":1,"2":2,"3":2},"b":{}}
,"/Users/Zenithy/projects/laplace/laplace-service/src/presentation/routers/user/create-user/schema.ts": {"path":"/Users/Zenithy/projects/laplace/laplace-service/src/presentation/routers/user/create-user/schema.ts","statementMap":{"0":{"start":{"line":3,"column":0},"end":{"line":33,"column":15}}},"fnMap":{},"branchMap":{},"s":{"0":1},"f":{},"b":{}}
,"/Users/Zenithy/projects/laplace/laplace-service/src/presentation/routers/user/get-all-users/handler.ts": {"path":"/Users/Zenithy/projects/laplace/laplace-service/src/presentation/routers/user/get-all-users/handler.ts","statementMap":{"0":{"start":{"line":4,"column":0},"end":{"line":4,"column":89}},"1":{"start":{"line":5,"column":0},"end":{"line":5,"column":30}},"2":{"start":{"line":6,"column":0},"end":{"line":6,"column":66}},"3":{"start":{"line":8,"column":27},"end":{"line":28,"column":null}},"4":{"start":{"line":13,"column":19},"end":{"line":28,"column":null}},"5":{"start":{"line":14,"column":4},"end":{"line":27,"column":6}},"6":{"start":{"line":17,"column":46},"end":{"line":26,"column":null}},"7":{"start":{"line":18,"column":12},"end":{"line":25,"column":13}},"8":{"start":{"line":19,"column":49},"end":{"line":19,"column":58}},"9":{"start":{"line":20,"column":30},"end":{"line":20,"column":77}},"10":{"start":{"line":22,"column":16},"end":{"line":22,"column":32}},"11":{"start":{"line":24,"column":16},"end":{"line":24,"column":73}},"12":{"start":{"line":30,"column":0},"end":{"line":30,"column":34}}},"fnMap":{"0":{"name":"(anonymous_8)","decl":{"start":{"line":8,"column":27},"end":{"line":8,"column":null}},"loc":{"start":{"line":13,"column":19},"end":{"line":28,"column":null}}},"1":{"name":"(anonymous_9)","decl":{"start":{"line":13,"column":19},"end":{"line":13,"column":null}},"loc":{"start":{"line":13,"column":19},"end":{"line":28,"column":1}}},"2":{"name":"(anonymous_10)","decl":{"start":{"line":17,"column":8},"end":{"line":17,"column":15}},"loc":{"start":{"line":17,"column":46},"end":{"line":26,"column":null}}},"3":{"name":"(anonymous_11)","decl":{"start":{"line":17,"column":46},"end":{"line":17,"column":null}},"loc":{"start":{"line":17,"column":46},"end":{"line":26,"column":9}}}},"branchMap":{"0":{"loc":{"start":{"line":19,"column":24},"end":{"line":19,"column":32}},"type":"default-arg","locations":[{"start":{"line":19,"column":31},"end":{"line":19,"column":32}}]},"1":{"loc":{"start":{"line":19,"column":34},"end":{"line":19,"column":44}},"type":"default-arg","locations":[{"start":{"line":19,"column":42},"end":{"line":19,"column":44}}]}},"s":{"0":1,"1":1,"2":1,"3":1,"4":1,"5":1,"6":0,"7":0,"8":0,"9":0,"10":0,"11":0,"12":1},"f":{"0":1,"1":1,"2":0,"3":0},"b":{"0":[0],"1":[0]}}
,"/Users/Zenithy/projects/laplace/laplace-service/src/presentation/routers/user/get-all-users/schema.ts": {"path":"/Users/Zenithy/projects/laplace/laplace-service/src/presentation/routers/user/get-all-users/schema.ts","statementMap":{"0":{"start":{"line":3,"column":0},"end":{"line":17,"column":15}}},"fnMap":{},"branchMap":{},"s":{"0":1},"f":{},"b":{}}
,"/Users/Zenithy/projects/laplace/laplace-service/src/utils/get-router-method.ts": {"path":"/Users/Zenithy/projects/laplace/laplace-service/src/utils/get-router-method.ts","statementMap":{"0":{"start":{"line":2,"column":0},"end":{"line":2,"column":46}},"1":{"start":{"line":4,"column":0},"end":{"line":15,"column":15}},"2":{"start":{"line":7,"column":29},"end":{"line":15,"column":15}}},"fnMap":{"0":{"name":"(anonymous_1)","decl":{"start":{"line":4,"column":15},"end":{"line":4,"column":null}},"loc":{"start":{"line":7,"column":28},"end":{"line":15,"column":15}}}},"branchMap":{"0":{"loc":{"start":{"line":8,"column":4},"end":{"line":14,"column":27}},"type":"cond-expr","locations":[{"start":{"line":14,"column":13},"end":{"line":14,"column":17}},{"start":{"line":14,"column":17},"end":{"line":14,"column":27}}]},"1":{"loc":{"start":{"line":8,"column":4},"end":{"line":14,"column":17}},"type":"binary-expr","locations":[{"start":{"line":8,"column":4},"end":{"line":14,"column":17}},{"start":{"line":14,"column":13},"end":{"line":14,"column":17}}]}},"s":{"0":1,"1":1,"2":2},"f":{"0":2},"b":{"0":[2,0],"1":[2,2]}}
,"/Users/Zenithy/projects/laplace/laplace-service/src/utils/http-methods.enum.ts": {"path":"/Users/Zenithy/projects/laplace/laplace-service/src/utils/http-methods.enum.ts","statementMap":{"0":{"start":{"line":1,"column":0},"end":{"line":1,"column":null}},"1":{"start":{"line":2,"column":4},"end":{"line":2,"column":null}},"2":{"start":{"line":3,"column":4},"end":{"line":3,"column":null}},"3":{"start":{"line":4,"column":4},"end":{"line":4,"column":null}},"4":{"start":{"line":5,"column":4},"end":{"line":5,"column":null}},"5":{"start":{"line":6,"column":4},"end":{"line":6,"column":null}},"6":{"start":{"line":9,"column":0},"end":{"line":9,"column":27}}},"fnMap":{"0":{"name":"(anonymous_0)","decl":{"start":{"line":1,"column":0},"end":{"line":1,"column":5}},"loc":{"start":{"line":1,"column":16},"end":{"line":7,"column":1}}}},"branchMap":{"0":{"loc":{"start":{"line":1,"column":5},"end":{"line":1,"column":null}},"type":"binary-expr","locations":[{"start":{"line":1,"column":5},"end":{"line":1,"column":16}},{"start":{"line":1,"column":5},"end":{"line":1,"column":null}}]}},"s":{"0":1,"1":1,"2":1,"3":1,"4":1,"5":1,"6":1},"f":{"0":1},"b":{"0":[1,1]}}
,"/Users/Zenithy/projects/laplace/laplace-service/src/utils/validate-and-transform-schema.ts": {"path":"/Users/Zenithy/projects/laplace/laplace-service/src/utils/validate-and-transform-schema.ts","statementMap":{"0":{"start":{"line":2,"column":0},"end":{"line":2,"column":60}},"1":{"start":{"line":3,"column":0},"end":{"line":3,"column":37}},"2":{"start":{"line":7,"column":12},"end":{"line":7,"column":40}},"3":{"start":{"line":8,"column":0},"end":{"line":8,"column":16}},"4":{"start":{"line":11,"column":64},"end":{"line":15,"column":2}},"5":{"start":{"line":12,"column":29},"end":{"line":12,"column":42}},"6":{"start":{"line":13,"column":36},"end":{"line":13,"column":56}},"7":{"start":{"line":14,"column":36},"end":{"line":14,"column":56}},"8":{"start":{"line":18,"column":29},"end":{"line":41,"column":1}},"9":{"start":{"line":19,"column":14},"end":{"line":19,"column":29}},"10":{"start":{"line":21,"column":4},"end":{"line":39,"column":5}},"11":{"start":{"line":22,"column":8},"end":{"line":38,"column":9}},"12":{"start":{"line":23,"column":12},"end":{"line":37,"column":13}},"13":{"start":{"line":24,"column":16},"end":{"line":36,"column":17}},"14":{"start":{"line":25,"column":20},"end":{"line":25,"column":59}},"15":{"start":{"line":26,"column":23},"end":{"line":36,"column":17}},"16":{"start":{"line":27,"column":20},"end":{"line":29,"column":22}},"17":{"start":{"line":28,"column":24},"end":{"line":28,"column":113}},"18":{"start":{"line":30,"column":23},"end":{"line":36,"column":17}},"19":{"start":{"line":31,"column":20},"end":{"line":35,"column":23}},"20":{"start":{"line":32,"column":24},"end":{"line":34,"column":25}},"21":{"start":{"line":33,"column":28},"end":{"line":33,"column":82}},"22":{"start":{"line":39,"column":5},"end":{"line":39,"column":null}},"23":{"start":{"line":40,"column":4},"end":{"line":40,"column":16}},"24":{"start":{"line":44,"column":26},"end":{"line":45,"column":null}},"25":{"start":{"line":45,"column":46},"end":{"line":45,"column":48}},"26":{"start":{"line":45,"column":59},"end":{"line":45,"column":64}},"27":{"start":{"line":45,"column":68},"end":{"line":45,"column":71}},"28":{"start":{"line":45,"column":76},"end":{"line":45,"column":88}},"29":{"start":{"line":48,"column":4},"end":{"line":50,"column":null}},"30":{"start":{"line":55,"column":0},"end":{"line":93,"column":null}},"31":{"start":{"line":56,"column":4},"end":{"line":92,"column":6}},"32":{"start":{"line":57,"column":33},"end":{"line":57,"column":56}},"33":{"start":{"line":59,"column":8},"end":{"line":88,"column":9}},"34":{"start":{"line":60,"column":12},"end":{"line":85,"column":13}},"35":{"start":{"line":61,"column":30},"end":{"line":61,"column":56}},"36":{"start":{"line":62,"column":47},"end":{"line":62,"column":82}},"37":{"start":{"line":63,"column":4},"end":{"line":63,"column":null}},"38":{"start":{"line":65,"column":16},"end":{"line":84,"column":17}},"39":{"start":{"line":67,"column":41},"end":{"line":67,"column":92}},"40":{"start":{"line":70,"column":37},"end":{"line":70,"column":95}},"41":{"start":{"line":71,"column":20},"end":{"line":80,"column":21}},"42":{"start":{"line":72,"column":24},"end":{"line":77,"column":27}},"43":{"start":{"line":73,"column":69},"end":{"line":76,"column":30}},"44":{"start":{"line":79,"column":24},"end":{"line":79,"column":31}},"45":{"start":{"line":83,"column":21},"end":{"line":83,"column":60}},"46":{"start":{"line":87,"column":12},"end":{"line":87,"column":29}},"47":{"start":{"line":91,"column":8},"end":{"line":91,"column":15}}},"fnMap":{"0":{"name":"(anonymous_2)","decl":{"start":{"line":12,"column":10},"end":{"line":12,"column":11}},"loc":{"start":{"line":12,"column":29},"end":{"line":12,"column":42}}},"1":{"name":"(anonymous_3)","decl":{"start":{"line":13,"column":17},"end":{"line":13,"column":18}},"loc":{"start":{"line":13,"column":36},"end":{"line":13,"column":56}}},"2":{"name":"(anonymous_4)","decl":{"start":{"line":14,"column":17},"end":{"line":14,"column":18}},"loc":{"start":{"line":14,"column":36},"end":{"line":14,"column":56}}},"3":{"name":"(anonymous_5)","decl":{"start":{"line":18,"column":29},"end":{"line":18,"column":30}},"loc":{"start":{"line":18,"column":89},"end":{"line":41,"column":1}}},"4":{"name":"(anonymous_6)","decl":{"start":{"line":27,"column":46},"end":{"line":27,"column":47}},"loc":{"start":{"line":28,"column":24},"end":{"line":28,"column":113}}},"5":{"name":"(anonymous_7)","decl":{"start":{"line":31,"column":44},"end":{"line":31,"column":45}},"loc":{"start":{"line":31,"column":70},"end":{"line":35,"column":21}}},"6":{"name":"createObjectWithoutTransform","decl":{"start":{"line":43,"column":9},"end":{"line":43,"column":37}},"loc":{"start":{"line":43,"column":71},"end":{"line":52,"column":3}}},"7":{"name":"(anonymous_9)","decl":{"start":{"line":45,"column":41},"end":{"line":45,"column":42}},"loc":{"start":{"line":45,"column":75},"end":{"line":45,"column":88}}},"8":{"name":"(anonymous_10)","decl":{"start":{"line":55,"column":14},"end":{"line":55,"column":18}},"loc":{"start":{"line":55,"column":113},"end":{"line":93,"column":1}}},"9":{"name":"(anonymous_11)","decl":{"start":{"line":56,"column":11},"end":{"line":56,"column":12}},"loc":{"start":{"line":56,"column":69},"end":{"line":92,"column":5}}},"10":{"name":"(anonymous_12)","decl":{"start":{"line":73,"column":57},"end":{"line":73,"column":58}},"loc":{"start":{"line":73,"column":69},"end":{"line":76,"column":30}}}},"branchMap":{"0":{"loc":{"start":{"line":12,"column":29},"end":{"line":12,"column":42}},"type":"cond-expr","locations":[{"start":{"line":12,"column":34},"end":{"line":12,"column":36}},{"start":{"line":12,"column":29},"end":{"line":12,"column":42}}]},"1":{"loc":{"start":{"line":12,"column":29},"end":{"line":12,"column":36}},"type":"binary-expr","locations":[{"start":{"line":12,"column":29},"end":{"line":12,"column":36}},{"start":{"line":12,"column":29},"end":{"line":12,"column":36}}]},"2":{"loc":{"start":{"line":13,"column":36},"end":{"line":13,"column":56}},"type":"cond-expr","locations":[{"start":{"line":13,"column":41},"end":{"line":13,"column":43}},{"start":{"line":13,"column":36},"end":{"line":13,"column":56}}]},"3":{"loc":{"start":{"line":13,"column":36},"end":{"line":13,"column":43}},"type":"binary-expr","locations":[{"start":{"line":13,"column":36},"end":{"line":13,"column":43}},{"start":{"line":13,"column":36},"end":{"line":13,"column":43}}]},"4":{"loc":{"start":{"line":14,"column":36},"end":{"line":14,"column":56}},"type":"cond-expr","locations":[{"start":{"line":14,"column":41},"end":{"line":14,"column":43}},{"start":{"line":14,"column":36},"end":{"line":14,"column":56}}]},"5":{"loc":{"start":{"line":14,"column":36},"end":{"line":14,"column":43}},"type":"binary-expr","locations":[{"start":{"line":14,"column":36},"end":{"line":14,"column":43}},{"start":{"line":14,"column":36},"end":{"line":14,"column":43}}]},"6":{"loc":{"start":{"line":21,"column":4},"end":{"line":39,"column":5}},"type":"if","locations":[{"start":{"line":21,"column":4},"end":{"line":39,"column":5}}]},"7":{"loc":{"start":{"line":23,"column":12},"end":{"line":37,"column":13}},"type":"if","locations":[{"start":{"line":23,"column":12},"end":{"line":37,"column":13}}]},"8":{"loc":{"start":{"line":24,"column":16},"end":{"line":36,"column":17}},"type":"if","locations":[{"start":{"line":24,"column":16},"end":{"line":36,"column":17}},{"start":{"line":26,"column":23},"end":{"line":36,"column":17}}]},"9":{"loc":{"start":{"line":26,"column":23},"end":{"line":36,"column":17}},"type":"if","locations":[{"start":{"line":26,"column":23},"end":{"line":36,"column":17}},{"start":{"line":30,"column":23},"end":{"line":36,"column":17}}]},"10":{"loc":{"start":{"line":26,"column":27},"end":{"line":26,"column":99}},"type":"binary-expr","locations":[{"start":{"line":26,"column":27},"end":{"line":26,"column":49}},{"start":{"line":26,"column":53},"end":{"line":26,"column":64}},{"start":{"line":26,"column":68},"end":{"line":26,"column":99}}]},"11":{"loc":{"start":{"line":30,"column":23},"end":{"line":36,"column":17}},"type":"if","locations":[{"start":{"line":30,"column":23},"end":{"line":36,"column":17}}]},"12":{"loc":{"start":{"line":30,"column":27},"end":{"line":30,"column":76}},"type":"binary-expr","locations":[{"start":{"line":30,"column":27},"end":{"line":30,"column":42}},{"start":{"line":30,"column":46},"end":{"line":30,"column":76}}]},"13":{"loc":{"start":{"line":32,"column":24},"end":{"line":34,"column":25}},"type":"if","locations":[{"start":{"line":32,"column":24},"end":{"line":34,"column":25}}]},"14":{"loc":{"start":{"line":57,"column":33},"end":{"line":57,"column":56}},"type":"binary-expr","locations":[{"start":{"line":57,"column":33},"end":{"line":57,"column":50}},{"start":{"line":57,"column":54},"end":{"line":57,"column":56}}]},"15":{"loc":{"start":{"line":65,"column":16},"end":{"line":84,"column":17}},"type":"if","locations":[{"start":{"line":65,"column":16},"end":{"line":84,"column":17}}]},"16":{"loc":{"start":{"line":71,"column":20},"end":{"line":80,"column":21}},"type":"if","locations":[{"start":{"line":71,"column":20},"end":{"line":80,"column":21}}]},"17":{"loc":{"start":{"line":73,"column":36},"end":{"line":76,"column":31}},"type":"cond-expr","locations":[{"start":{"line":73,"column":51},"end":{"line":73,"column":53}},{"start":{"line":73,"column":51},"end":{"line":76,"column":31}}]},"18":{"loc":{"start":{"line":73,"column":36},"end":{"line":73,"column":53}},"type":"binary-expr","locations":[{"start":{"line":73,"column":36},"end":{"line":73,"column":53}},{"start":{"line":73,"column":51},"end":{"line":73,"column":53}}]}},"s":{"0":1,"1":1,"2":1,"3":1,"4":1,"5":10,"6":10,"7":0,"8":1,"9":4,"10":4,"11":4,"12":14,"13":10,"14":0,"15":10,"16":0,"17":0,"18":10,"19":10,"20":20,"21":20,"22":4,"23":4,"24":4,"25":14,"26":14,"27":14,"28":14,"29":4,"30":1,"31":2,"32":4,"33":4,"34":4,"35":4,"36":4,"37":4,"38":4,"39":4,"40":4,"41":4,"42":2,"43":4,"44":2,"45":2,"46":0,"47":2},"f":{"0":10,"1":10,"2":0,"3":4,"4":0,"5":20,"6":4,"7":14,"8":2,"9":4,"10":4},"b":{"0":[0,10],"1":[10,10],"2":[0,10],"3":[10,10],"4":[0,0],"5":[0,0],"6":[4],"7":[10],"8":[0,10],"9":[0,10],"10":[10,0,0],"11":[10],"12":[10,10],"13":[20],"14":[4,0],"15":[4],"16":[2],"17":[0,2],"18":[2,2]}}
}
