TN:
SF:lib/server.js
FN:2,(anonymous_0)
FNF:1
FNH:1
FNDA:1,(anonymous_0)
DA:2,1
DA:3,1
DA:5,1
DA:6,1
DA:7,1
DA:8,1
DA:9,1
DA:10,1
LF:8
LH:8
BRDA:2,0,0,1
BRDA:2,0,1,1
BRDA:2,0,2,1
BRDA:3,1,0,0
BRDA:3,1,1,1
BRDA:3,2,0,1
BRDA:3,2,1,1
BRF:7
BRH:6
end_of_record
TN:
SF:lib/presentation/routers/user/user.router.js
FN:2,(anonymous_0)
FN:3,adopt
FN:3,(anonymous_2)
FN:4,(anonymous_3)
FN:5,fulfilled
FN:6,rejected
FN:7,step
FN:11,(anonymous_7)
FN:20,UsersRouter
FN:23,(anonymous_9)
FN:23,(anonymous_10)
FN:32,(anonymous_11)
FN:32,(anonymous_12)
FNF:13
FNH:10
FNDA:2,(anonymous_0)
FNDA:2,adopt
FNDA:0,(anonymous_2)
FNDA:2,(anonymous_3)
FNDA:1,fulfilled
FNDA:1,rejected
FNDA:4,step
FNDA:4,(anonymous_7)
FNDA:1,UsersRouter
FNDA:2,(anonymous_9)
FNDA:2,(anonymous_10)
FNDA:0,(anonymous_11)
FNDA:0,(anonymous_12)
DA:2,1
DA:3,2
DA:4,2
DA:5,1
DA:6,1
DA:7,4
DA:8,2
DA:11,1
DA:12,4
DA:14,1
DA:15,1
DA:16,1
DA:17,1
DA:18,1
DA:19,1
DA:21,1
DA:23,2
DA:24,2
DA:25,2
DA:26,1
DA:29,1
DA:32,1
DA:33,0
DA:34,0
DA:35,0
DA:36,0
DA:39,0
DA:42,1
LF:28
LH:23
BRDA:2,0,0,1
BRDA:2,0,1,1
BRDA:2,0,2,1
BRDA:3,1,0,2
BRDA:3,1,1,0
BRDA:4,2,0,2
BRDA:4,2,1,2
BRDA:7,3,0,2
BRDA:7,3,1,2
BRDA:8,4,0,2
BRDA:8,4,1,2
BRDA:11,5,0,1
BRDA:11,5,1,1
BRDA:11,5,2,1
BRDA:12,6,0,3
BRDA:12,6,1,1
BRDA:12,7,0,4
BRDA:12,7,1,4
BRF:18
BRH:17
end_of_record
TN:
SF:lib/presentation/routers/user/create-user/schema.js
FNF:0
FNH:0
DA:2,1
DA:3,1
LF:2
LH:2
BRF:0
BRH:0
end_of_record
TN:
SF:lib/presentation/routers/user/get-all-users/schema.js
FNF:0
FNH:0
DA:2,1
DA:3,1
LF:2
LH:2
BRF:0
BRH:0
end_of_record
TN:
SF:lib/utils/validate-and-transform-schema.js
FN:2,(anonymous_0)
FN:13,(anonymous_1)
FN:14,(anonymous_2)
FN:15,(anonymous_3)
FN:18,(anonymous_4)
FN:26,(anonymous_5)
FN:29,(anonymous_6)
FN:41,(anonymous_7)
FN:42,(anonymous_8)
FN:54,(anonymous_9)
FNF:10
FNH:7
FNDA:2,(anonymous_0)
FNDA:10,(anonymous_1)
FNDA:10,(anonymous_2)
FNDA:0,(anonymous_3)
FNDA:2,(anonymous_4)
FNDA:0,(anonymous_5)
FNDA:20,(anonymous_6)
FNDA:2,(anonymous_7)
FNDA:4,(anonymous_8)
FNDA:0,(anonymous_9)
DA:2,1
DA:3,2
DA:5,1
DA:6,1
DA:7,1
DA:9,1
DA:10,1
DA:12,1
DA:13,10
DA:14,10
DA:15,0
DA:18,1
DA:19,2
DA:20,2
DA:21,10
DA:22,10
DA:23,0
DA:25,10
DA:26,0
DA:28,10
DA:29,10
DA:30,20
DA:31,20
DA:38,2
DA:41,1
DA:42,2
DA:44,4
DA:45,4
DA:46,2
DA:47,2
DA:49,2
DA:51,2
DA:52,0
DA:53,0
DA:54,0
DA:59,0
DA:62,0
DA:66,2
LF:38
LH:30
BRDA:2,0,0,1
BRDA:2,0,1,1
BRDA:2,0,2,1
BRDA:3,1,0,2
BRDA:3,1,1,0
BRDA:3,2,0,2
BRDA:3,2,1,2
BRDA:19,3,0,2
BRDA:19,3,1,0
BRDA:21,4,0,10
BRDA:21,4,1,0
BRDA:22,5,0,0
BRDA:22,5,1,10
BRDA:25,6,0,0
BRDA:25,6,1,10
BRDA:25,7,0,10
BRDA:25,7,1,0
BRDA:25,7,2,0
BRDA:28,8,0,10
BRDA:28,8,1,0
BRDA:28,9,0,10
BRDA:28,9,1,10
BRDA:30,10,0,20
BRDA:30,10,1,0
BRDA:44,11,0,4
BRDA:44,11,1,2
BRDA:47,12,0,2
BRDA:47,12,1,0
BRDA:52,13,0,0
BRDA:52,13,1,0
BRDA:54,14,0,0
BRDA:54,14,1,0
BRDA:54,15,0,0
BRDA:54,15,1,0
BRF:34
BRH:18
end_of_record
TN:
SF:src/server.ts
FNF:0
FNH:0
DA:1,1
DA:3,1
DA:5,1
DA:6,1
DA:8,1
LF:5
LH:5
BRF:0
BRH:0
end_of_record
TN:
SF:src/data/datasources/mongodb/mongodb-user.datasource.ts
FN:9,(anonymous_7)
FN:13,(anonymous_8)
FN:19,(anonymous_10)
FN:25,(anonymous_12)
FN:29,(anonymous_13)
FN:33,(anonymous_14)
FN:50,(anonymous_15)
FNF:7
FNH:5
FNDA:2,(anonymous_7)
FNDA:1,(anonymous_8)
FNDA:1,(anonymous_10)
FNDA:0,(anonymous_12)
FNDA:0,(anonymous_13)
FNDA:1,(anonymous_14)
FNDA:1,(anonymous_15)
DA:6,1
DA:10,2
DA:14,1
DA:16,1
DA:20,1
DA:22,1
DA:26,0
DA:30,0
DA:34,1
DA:36,1
DA:51,1
DA:53,1
LF:12
LH:10
BRDA:37,0,0,1
BRDA:37,0,1,0
BRDA:37,1,0,1
BRDA:37,1,1,1
BRDA:45,2,0,0
BRDA:45,2,1,1
BRDA:45,3,0,1
BRDA:45,3,1,1
BRDA:46,4,0,0
BRDA:46,4,1,1
BRDA:46,5,0,1
BRDA:46,5,1,1
BRF:12
BRH:9
end_of_record
TN:
SF:src/domain/repositories/user.repository.ts
FN:8,(anonymous_7)
FN:12,(anonymous_8)
FN:16,(anonymous_9)
FN:20,(anonymous_10)
FN:24,(anonymous_11)
FN:29,(anonymous_13)
FNF:6
FNH:3
FNDA:2,(anonymous_7)
FNDA:0,(anonymous_8)
FNDA:0,(anonymous_9)
FNDA:0,(anonymous_10)
FNDA:1,(anonymous_11)
FNDA:1,(anonymous_13)
DA:6,1
DA:9,2
DA:13,0
DA:17,0
DA:21,0
DA:25,1
DA:27,1
DA:30,1
DA:32,1
LF:9
LH:6
BRF:0
BRH:0
end_of_record
TN:
SF:src/domain/usecases/user/create-user.usecase.ts
FN:7,(anonymous_7)
FN:11,(anonymous_8)
FNF:2
FNH:2
FNDA:1,(anonymous_7)
FNDA:1,(anonymous_8)
DA:5,1
DA:8,1
DA:12,1
DA:14,1
LF:4
LH:4
BRF:0
BRH:0
end_of_record
TN:
SF:src/domain/usecases/user/get-all-users.usecase.ts
FN:7,(anonymous_7)
FN:11,(anonymous_8)
FNF:2
FNH:2
FNDA:1,(anonymous_7)
FNDA:1,(anonymous_8)
DA:5,1
DA:8,1
DA:12,1
DA:14,1
LF:4
LH:4
BRF:0
BRH:0
end_of_record
TN:
SF:src/presentation/routers/user/user.router.ts
FN:12,UsersRouter
FNF:1
FNH:1
FNDA:1,UsersRouter
DA:1,1
DA:4,1
DA:5,1
DA:9,1
DA:12,1
DA:16,1
DA:18,1
DA:19,1
DA:43,1
LF:9
LH:9
BRF:0
BRH:0
end_of_record
TN:
SF:src/presentation/routers/user/create-user/handler.ts
FN:8,(anonymous_8)
FN:13,(anonymous_9)
FN:17,(anonymous_10)
FN:17,(anonymous_11)
FNF:4
FNH:4
FNDA:1,(anonymous_8)
FNDA:1,(anonymous_9)
FNDA:2,(anonymous_10)
FNDA:2,(anonymous_11)
DA:4,1
DA:5,1
DA:6,1
DA:8,1
DA:13,1
DA:14,1
DA:17,2
DA:18,2
DA:19,2
DA:21,1
DA:23,1
DA:25,1
DA:31,1
LF:13
LH:13
BRF:0
BRH:0
end_of_record
TN:
SF:src/presentation/routers/user/create-user/schema.ts
FNF:0
FNH:0
DA:3,1
LF:1
LH:1
BRF:0
BRH:0
end_of_record
TN:
SF:src/presentation/routers/user/get-all-users/handler.ts
FN:8,(anonymous_8)
FN:13,(anonymous_9)
FN:17,(anonymous_10)
FN:17,(anonymous_11)
FNF:4
FNH:2
FNDA:1,(anonymous_8)
FNDA:1,(anonymous_9)
FNDA:0,(anonymous_10)
FNDA:0,(anonymous_11)
DA:4,1
DA:5,1
DA:6,1
DA:8,1
DA:13,1
DA:14,1
DA:17,0
DA:18,0
DA:19,0
DA:20,0
DA:22,0
DA:24,0
DA:30,1
LF:13
LH:7
BRDA:19,0,0,0
BRDA:19,1,0,0
BRF:2
BRH:0
end_of_record
TN:
SF:src/presentation/routers/user/get-all-users/schema.ts
FNF:0
FNH:0
DA:3,1
LF:1
LH:1
BRF:0
BRH:0
end_of_record
TN:
SF:src/utils/get-router-method.ts
FN:4,(anonymous_1)
FNF:1
FNH:1
FNDA:2,(anonymous_1)
DA:2,1
DA:4,1
DA:7,2
LF:3
LH:3
BRDA:8,0,0,2
BRDA:8,0,1,0
BRDA:8,1,0,2
BRDA:8,1,1,2
BRF:4
BRH:3
end_of_record
TN:
SF:src/utils/http-methods.enum.ts
FN:1,(anonymous_0)
FNF:1
FNH:1
FNDA:1,(anonymous_0)
DA:1,1
DA:2,1
DA:3,1
DA:4,1
DA:5,1
DA:6,1
DA:9,1
LF:7
LH:7
BRDA:1,0,0,1
BRDA:1,0,1,1
BRF:2
BRH:2
end_of_record
TN:
SF:src/utils/validate-and-transform-schema.ts
FN:12,(anonymous_2)
FN:13,(anonymous_3)
FN:14,(anonymous_4)
FN:18,(anonymous_5)
FN:27,(anonymous_6)
FN:31,(anonymous_7)
FN:43,createObjectWithoutTransform
FN:45,(anonymous_9)
FN:55,(anonymous_10)
FN:56,(anonymous_11)
FN:73,(anonymous_12)
FNF:11
FNH:9
FNDA:10,(anonymous_2)
FNDA:10,(anonymous_3)
FNDA:0,(anonymous_4)
FNDA:4,(anonymous_5)
FNDA:0,(anonymous_6)
FNDA:20,(anonymous_7)
FNDA:4,createObjectWithoutTransform
FNDA:14,(anonymous_9)
FNDA:2,(anonymous_10)
FNDA:4,(anonymous_11)
FNDA:4,(anonymous_12)
DA:2,1
DA:3,1
DA:7,1
DA:8,1
DA:11,1
DA:12,10
DA:13,10
DA:14,0
DA:18,1
DA:19,4
DA:21,4
DA:22,4
DA:23,14
DA:24,10
DA:25,0
DA:26,10
DA:27,0
DA:28,0
DA:30,10
DA:31,10
DA:32,20
DA:33,20
DA:39,4
DA:40,4
DA:44,4
DA:45,14
DA:48,4
DA:55,1
DA:56,2
DA:57,4
DA:59,4
DA:60,4
DA:61,4
DA:62,4
DA:63,4
DA:65,4
DA:67,4
DA:70,4
DA:71,4
DA:72,2
DA:73,4
DA:79,2
DA:83,2
DA:87,0
DA:91,2
LF:45
LH:40
BRDA:12,0,0,0
BRDA:12,0,1,10
BRDA:12,1,0,10
BRDA:12,1,1,10
BRDA:13,2,0,0
BRDA:13,2,1,10
BRDA:13,3,0,10
BRDA:13,3,1,10
BRDA:14,4,0,0
BRDA:14,4,1,0
BRDA:14,5,0,0
BRDA:14,5,1,0
BRDA:21,6,0,4
BRDA:23,7,0,10
BRDA:24,8,0,0
BRDA:24,8,1,10
BRDA:26,9,0,0
BRDA:26,9,1,10
BRDA:26,10,0,10
BRDA:26,10,1,0
BRDA:26,10,2,0
BRDA:30,11,0,10
BRDA:30,12,0,10
BRDA:30,12,1,10
BRDA:32,13,0,20
BRDA:57,14,0,4
BRDA:57,14,1,0
BRDA:65,15,0,4
BRDA:71,16,0,2
BRDA:73,17,0,0
BRDA:73,17,1,2
BRDA:73,18,0,2
BRDA:73,18,1,2
BRF:33
BRH:21
end_of_record
